\BOOKMARK [0][-]{titelblad.0}{Titelblad}{}% 1
\BOOKMARK [0][-]{indhold.0}{Indholdsfortegnelse}{}% 2
\BOOKMARK [0][-]{chapter.1}{Indledning}{}% 3
\BOOKMARK [1][-]{subsection.1.0.1}{Begrebsdannelse}{chapter.1}% 4
\BOOKMARK [2][-]{subsection.1.0.2}{Begrebsdannelse}{subsection.1.0.1}% 5
\BOOKMARK [0][-]{chapter.2}{Problemanalyse}{}% 6
\BOOKMARK [1][-]{section.2.1}{Interessentanalyse}{chapter.2}% 7
\BOOKMARK [2][-]{subsection.2.1.1}{Storbyturister}{section.2.1}% 8
\BOOKMARK [2][-]{subsection.2.1.2}{Statsejede/privatejede attraktioner}{section.2.1}% 9
\BOOKMARK [2][-]{subsection.2.1.3}{Forretninger}{section.2.1}% 10
\BOOKMARK [2][-]{subsection.2.1.4}{Turistkontoret}{section.2.1}% 11
\BOOKMARK [2][-]{subsection.2.1.5}{Guide-bureauer/pakkerejser}{section.2.1}% 12
\BOOKMARK [1][-]{section.2.2}{Prioriteringen}{chapter.2}% 13
\BOOKMARK [2][-]{subsection.2.2.1}{Gidsler}{section.2.2}% 14
\BOOKMARK [2][-]{subsection.2.2.2}{Ressourcepersoner}{section.2.2}% 15
\BOOKMARK [2][-]{subsection.2.2.3}{Ekstern}{section.2.2}% 16
\BOOKMARK [2][-]{subsection.2.2.4}{Gr\345 eminence}{section.2.2}% 17
\BOOKMARK [1][-]{section.2.3}{Konklusion p\345 interessentanalyse}{chapter.2}% 18
\BOOKMARK [1][-]{section.2.4}{Sp\370rgeskema}{chapter.2}% 19
\BOOKMARK [2][-]{subsection.2.4.1}{Udformning}{section.2.4}% 20
\BOOKMARK [2][-]{subsection.2.4.2}{Resultatbehandling}{section.2.4}% 21
\BOOKMARK [1][-]{section.2.5}{Eksisterende l\370sninger}{chapter.2}% 22
\BOOKMARK [2][-]{subsection.2.5.1}{FindTheBestRoute.com}{section.2.5}% 23
\BOOKMARK [2][-]{subsection.2.5.2}{TripAdvisor Offline City Guides}{section.2.5}% 24
\BOOKMARK [0][-]{chapter.3}{Problemformulering}{}% 25
\BOOKMARK [1][-]{section.3.1}{Problemformuleringen}{chapter.3}% 26
\BOOKMARK [1][-]{section.3.2}{Krav}{chapter.3}% 27
\BOOKMARK [1][-]{section.3.3}{Afgr\346nsning}{chapter.3}% 28
\BOOKMARK [1][-]{section.3.4}{L\370sningsforslag}{chapter.3}% 29
\BOOKMARK [0][-]{chapter.4}{Konklusion}{}% 30
\BOOKMARK [0][-]{section*.5}{Litteratur}{}% 31
\BOOKMARK [0][-]{appendiks.0}{Appendiks}{}% 32
\BOOKMARK [0][-]{appendix.A}{Sp\370rgeskema}{}% 33
\BOOKMARK [1][-]{section.A.1}{Teori}{appendix.A}% 34
\BOOKMARK [2][-]{subsection.A.1.1}{Sp\370rgsm\345lene}{section.A.1}% 35
\BOOKMARK [2][-]{subsection.A.1.2}{Formulering}{section.A.1}% 36
\BOOKMARK [2][-]{subsection.A.1.3}{R\346kkef\370lge}{section.A.1}% 37
\BOOKMARK [1][-]{section.A.2}{R\345data}{appendix.A}% 38
\BOOKMARK [0][-]{appendix.B}{Interview}{}% 39
\BOOKMARK [1][-]{section.B.1}{Teori}{appendix.B}% 40
\BOOKMARK [2][-]{subsection.B.1.1}{Enkeltinterview}{section.B.1}% 41
\BOOKMARK [2][-]{subsection.B.1.2}{Sp\370rgeskemaer}{section.B.1}% 42
\BOOKMARK [2][-]{subsection.B.1.3}{Telefoninterview}{section.B.1}% 43
\BOOKMARK [2][-]{subsection.B.1.4}{Sp\370rgeteknikker og metoder til interview}{section.B.1}% 44
\BOOKMARK [2][-]{subsection.B.1.5}{Lukkede og \345bne sp\370rgsm\345l}{section.B.1}% 45
\BOOKMARK [2][-]{subsection.B.1.6}{Psykologiske teknikker}{section.B.1}% 46
\BOOKMARK [2][-]{subsection.B.1.7}{Passive teknikker}{section.B.1}% 47
\BOOKMARK [2][-]{subsection.B.1.8}{Tive teknik}{section.B.1}% 48
\BOOKMARK [2][-]{subsection.B.1.9}{Aktiv sp\370rgeteknik}{section.B.1}% 49
\BOOKMARK [1][-]{section.B.2}{Transskribering}{appendix.B}% 50
\BOOKMARK [1][-]{section.B.3}{Interviewet}{appendix.B}% 51
\BOOKMARK [2][-]{subsection.B.3.1}{Resultater fra interviewet}{section.B.3}% 52
